[debug] [2025-06-28T11:51:49.375Z] ----------------------------------------------------------------------
[debug] [2025-06-28T11:51:49.378Z] Command:       C:\Program Files\nodejs\node.exe C:\Users\Gehad.READYMIX\AppData\Roaming\npm\node_modules\firebase-tools\lib\bin\firebase.js init
[debug] [2025-06-28T11:51:49.379Z] CLI Version:   14.9.0
[debug] [2025-06-28T11:51:49.379Z] Platform:      win32
[debug] [2025-06-28T11:51:49.379Z] Node Version:  v22.16.0
[debug] [2025-06-28T11:51:49.379Z] Time:          Sat Jun 28 2025 14:51:49 GMT+0300 (توقيت شرق أوروبا الصيفي)
[debug] [2025-06-28T11:51:49.379Z] ----------------------------------------------------------------------
[debug] 
[debug] [2025-06-28T11:51:49.386Z] > command requires scopes: ["email","openid","https://www.googleapis.com/auth/cloudplatformprojects.readonly","https://www.googleapis.com/auth/firebase","https://www.googleapis.com/auth/cloud-platform"]
[debug] [2025-06-28T11:51:49.386Z] > authorizing via signed-in user (gehad.esmail@icpm-eg.com)
[info] 
     ######## #### ########  ######## ########     ###     ######  ########
     ##        ##  ##     ## ##       ##     ##  ##   ##  ##       ##
     ######    ##  ########  ######   ########  #########  ######  ######
     ##        ##  ##    ##  ##       ##     ## ##     ##       ## ##
     ##       #### ##     ## ######## ########  ##     ##  ######  ########

You're about to initialize a Firebase project in this directory:

  D:\تطبيق حجز و توريد\icpm ready mix order

[info] 
=== Project Setup
[info] 
[info] First, let's associate this project directory with a Firebase project.
[info] You can create multiple project aliases by running firebase use --add, 
[info] but for now we'll just set up a default project.
[info] 
[debug] [2025-06-28T11:53:56.769Z] Checked if tokens are valid: false, expires at: 1751111799934
[debug] [2025-06-28T11:53:56.769Z] Checked if tokens are valid: false, expires at: 1751111799934
[debug] [2025-06-28T11:53:56.770Z] > refreshing access token with scopes: []
[debug] [2025-06-28T11:53:56.775Z] >>> [apiv2][query] POST https://www.googleapis.com/oauth2/v3/token [none]
[debug] [2025-06-28T11:53:56.775Z] >>> [apiv2][body] POST https://www.googleapis.com/oauth2/v3/token [omitted]
[debug] [2025-06-28T11:53:57.080Z] <<< [apiv2][status] POST https://www.googleapis.com/oauth2/v3/token 200
[debug] [2025-06-28T11:53:57.080Z] <<< [apiv2][body] POST https://www.googleapis.com/oauth2/v3/token [omitted]
[debug] [2025-06-28T11:53:57.089Z] >>> [apiv2][query] GET https://firebase.googleapis.com/v1beta1/projects pageSize=100
[debug] [2025-06-28T11:53:57.961Z] <<< [apiv2][status] GET https://firebase.googleapis.com/v1beta1/projects 200
[debug] [2025-06-28T11:53:57.961Z] <<< [apiv2][body] GET https://firebase.googleapis.com/v1beta1/projects [omitted]
[info] i  Using project icpm-ready-mix-order-prices (icpm ready mix order prices) 
[info] 
=== Hosting Setup
[debug] [2025-06-28T11:54:08.239Z] Checked if tokens are valid: true, expires at: 1751115236080
[debug] [2025-06-28T11:54:08.239Z] Checked if tokens are valid: true, expires at: 1751115236080
[debug] [2025-06-28T11:54:08.239Z] >>> [apiv2][query] GET https://firebase.googleapis.com/v1beta1/projects/icpm-ready-mix-order-prices [none]
[debug] [2025-06-28T11:54:08.692Z] <<< [apiv2][status] GET https://firebase.googleapis.com/v1beta1/projects/icpm-ready-mix-order-prices 200
[debug] [2025-06-28T11:54:08.692Z] <<< [apiv2][body] GET https://firebase.googleapis.com/v1beta1/projects/icpm-ready-mix-order-prices {"projectId":"icpm-ready-mix-order-prices","projectNumber":"1046935070532","displayName":"icpm ready mix order prices","name":"projects/icpm-ready-mix-order-prices","resources":{"hostingSite":"icpm-ready-mix-order-prices","realtimeDatabaseInstance":"icpm-ready-mix-order-prices-default-rtdb"},"state":"ACTIVE","etag":"1_7942931d-9b00-4c5a-a0cc-672f88801483"}
[info] 
[info] Your public directory is the folder (relative to your project directory) that
[info] will contain Hosting assets to be uploaded with firebase deploy. If you
[info] have a build process for your assets, use your build's output directory.
[info] 
[debug] [2025-06-28T11:54:31.808Z] >>> [apiv2][query] GET https://www.gstatic.com/firebasejs/releases.json [none]
[debug] [2025-06-28T11:54:32.021Z] <<< [apiv2][status] GET https://www.gstatic.com/firebasejs/releases.json 200
[debug] [2025-06-28T11:54:32.021Z] <<< [apiv2][body] GET https://www.gstatic.com/firebasejs/releases.json {"current":{"version":"11.9.1","browserURL":"https://www.gstatic.com/firebasejs/11.9.1/firebase.js","packageURL":"https://www.gstatic.com/firebasejs/11.9.1/firebase.tgz"},"live":{"version":"11.9","browserURL":"https://www.gstatic.com/firebasejs/live/11.9/firebase.js","packageURL":"https://www.gstatic.com/firebasejs/live/11.9/firebase.tgz"},"components":{"ai":"https://www.gstatic.com/firebasejs/11.9.1/firebase-ai.js","analytics":"https://www.gstatic.com/firebasejs/11.9.1/firebase-analytics.js","app":"https://www.gstatic.com/firebasejs/11.9.1/firebase-app.js","app-check":"https://www.gstatic.com/firebasejs/11.9.1/firebase-app-check.js","auth":"https://www.gstatic.com/firebasejs/11.9.1/firebase-auth.js","auth/cordova":"https://www.gstatic.com/firebasejs/11.9.1/firebase-auth/cordova.js","auth/web-extension":"https://www.gstatic.com/firebasejs/11.9.1/firebase-auth/web-extension.js","functions":"https://www.gstatic.com/firebasejs/11.9.1/firebase-functions.js","firestore":"https://www.gstatic.com/firebasejs/11.9.1/firebase-firestore.js","firestore/lite":"https://www.gstatic.com/firebasejs/11.9.1/firebase-firestore/lite.js","installations":"https://www.gstatic.com/firebasejs/11.9.1/firebase-installations.js","storage":"https://www.gstatic.com/firebasejs/11.9.1/firebase-storage.js","performance":"https://www.gstatic.com/firebasejs/11.9.1/firebase-performance.js","remote-config":"https://www.gstatic.com/firebasejs/11.9.1/firebase-remote-config.js","messaging":"https://www.gstatic.com/firebasejs/11.9.1/firebase-messaging.js","messaging/sw":"https://www.gstatic.com/firebasejs/11.9.1/firebase-messaging/sw.js","database":"https://www.gstatic.com/firebasejs/11.9.1/firebase-database.js","vertexai":"https://www.gstatic.com/firebasejs/11.9.1/firebase-vertexai.js","data-connect":"https://www.gstatic.com/firebasejs/11.9.1/firebase-data-connect.js","firestore.memory":"https://www.gstatic.com/firebasejs/11.9.1/firebase-firestore.memory.js"}}
[info] +  Wrote y/index.html 
[info] 
[info] i  Detected a .git folder at D:\ 
[info] i  Authorizing with GitHub to upload your service account to a GitHub repository's secrets store. 
[info] 
[info] Visit this URL on this device to log in:
[info] https://github.com/login/oauth/authorize?client_id=89cf50f02ac6aaed3484&state=604162150&redirect_uri=http%3A%2F%2Flocalhost%3A9005&scope=read%3Auser%20repo%20public_repo
[info] 
[info] Waiting for authentication...
